TN:
SF:script/Counter.s.sol
FN:7,CounterScript.setUp
FNDA:0,CounterScript.setUp
FN:9,CounterScript.run
FNDA:0,CounterScript.run
DA:10,0
FNF:2
FNH:0
LF:1
LH:0
BRF:0
BRH:0
end_of_record
TN:
SF:src/CrabNetting.sol
FN:240,CrabNetting.DOMAIN_SEPARATOR
FNDA:0,CrabNetting.DOMAIN_SEPARATOR
DA:241,0
FN:247,CrabNetting.toggleAuctionLive
FNDA:2,CrabNetting.toggleAuctionLive
DA:248,2
FN:255,CrabNetting.setNonceTrue
FNDA:0,CrabNetting.setNonceTrue
DA:256,0
FN:263,CrabNetting.setMinUSDC
FNDA:2,CrabNetting.setMinUSDC
DA:264,2
FN:271,CrabNetting.setMinCrab
FNDA:0,CrabNetting.setMinCrab
DA:272,0
FN:279,CrabNetting.depositUSDC
FNDA:16,CrabNetting.depositUSDC
DA:280,16
BRDA:280,0,0,1
BRDA:280,0,1,15
DA:285,15
DA:288,15
DA:289,15
DA:290,15
DA:292,15
FN:304,CrabNetting.withdrawUSDC
FNDA:8,CrabNetting.withdrawUSDC
DA:305,8
BRDA:305,1,0,1
BRDA:305,1,1,7
DA:307,7
DA:308,6
BRDA:308,2,0,-
BRDA:308,2,1,6
DA:315,6
DA:316,6
DA:317,6
DA:318,8
DA:319,8
BRDA:319,3,0,4
BRDA:319,3,1,4
DA:320,4
DA:321,4
DA:322,4
DA:324,4
DA:325,4
DA:328,6
DA:330,6
FN:337,CrabNetting.queueCrabForWithdrawal
FNDA:10,CrabNetting.queueCrabForWithdrawal
DA:338,10
BRDA:338,4,0,-
BRDA:338,4,1,10
DA:342,10
DA:343,10
DA:344,10
DA:345,10
DA:346,10
FN:358,CrabNetting.withdrawCrab
FNDA:6,CrabNetting.withdrawCrab
DA:359,6
BRDA:359,5,0,1
BRDA:359,5,1,5
DA:360,5
DA:361,5
BRDA:361,6,0,-
BRDA:361,6,1,5
DA:367,5
DA:368,5
DA:369,5
DA:370,9
DA:373,9
BRDA:373,7,0,4
BRDA:373,7,1,5
DA:374,4
DA:375,4
DA:376,4
DA:378,5
DA:379,5
DA:382,5
DA:383,5
FN:391,CrabNetting.netAtPrice
FNDA:13,CrabNetting.netAtPrice
DA:392,13
DA:393,11
DA:394,11
BRDA:394,8,0,1
BRDA:394,8,1,10
DA:398,10
BRDA:398,9,0,-
BRDA:398,9,1,10
DA:404,10
DA:405,10
DA:406,31
DA:407,21
DA:408,21
BRDA:408,10,0,1
BRDA:408,10,1,20
DA:409,1
DA:410,1
DA:412,20
BRDA:412,11,0,-
BRDA:412,11,1,17
DA:414,17
DA:415,17
DA:416,17
DA:417,17
DA:418,17
DA:425,17
DA:426,17
DA:429,3
DA:430,3
DA:431,3
DA:432,3
DA:433,3
DA:440,3
DA:443,10
DA:446,10
DA:447,21
DA:448,11
DA:449,11
BRDA:449,12,0,2
BRDA:449,12,1,9
DA:450,2
DA:451,2
DA:453,9
BRDA:453,13,0,-
BRDA:453,13,1,1
DA:454,1
DA:455,1
DA:456,1
DA:457,1
DA:459,1
DA:466,1
DA:467,1
DA:469,8
DA:470,8
DA:471,8
DA:472,8
DA:474,8
DA:481,8
DA:484,10
FN:488,CrabNetting.depositsQueued
FNDA:7,CrabNetting.depositsQueued
DA:489,7
DA:490,7
DA:491,17
DA:492,10
DA:493,10
DA:495,7
FN:499,CrabNetting.withdrawsQueued
FNDA:4,CrabNetting.withdrawsQueued
DA:500,4
DA:501,4
DA:502,9
DA:503,5
DA:504,5
DA:506,4
FN:513,CrabNetting.checkOrder
FNDA:9,CrabNetting.checkOrder
DA:514,9
DA:515,9
DA:528,9
DA:529,9
DA:530,9
BRDA:530,14,0,-
BRDA:530,14,1,9
DA:531,9
BRDA:531,15,0,-
BRDA:531,15,1,9
FN:538,CrabNetting._debtToMint
FNDA:4,CrabNetting._debtToMint
DA:539,4
DA:540,4
DA:542,4
DA:544,4
FN:551,CrabNetting.depositAuction
FNDA:5,CrabNetting.depositAuction
DA:555,5
DA:564,4
DA:565,4
DA:567,4
DA:569,4
DA:570,4
DA:571,5
BRDA:571,16,0,-
BRDA:571,16,1,5
DA:575,5
DA:576,5
BRDA:576,17,0,-
BRDA:576,17,1,4
DA:577,4
DA:582,4
DA:584,1
DA:589,1
DA:592,4
BRDA:592,18,0,-
BRDA:592,18,1,4
DA:595,4
DA:606,4
DA:609,4
DA:610,4
DA:613,4
DA:614,4
DA:615,4
BRDA:615,19,0,-
BRDA:615,19,1,1
DA:616,4
BRDA:616,20,0,-
BRDA:616,20,1,3
DA:618,3
DA:623,1
DA:631,4
DA:632,4
DA:633,4
DA:634,5
BRDA:634,21,0,-
BRDA:634,21,1,2
DA:635,2
DA:639,2
DA:645,2
DA:647,3
DA:648,3
DA:654,3
DA:659,4
DA:660,4
DA:662,4
DA:664,4
DA:665,11
DA:666,7
DA:667,7
DA:668,7
BRDA:668,22,0,1
BRDA:668,22,1,6
DA:669,1
DA:670,1
DA:672,6
BRDA:672,23,0,-
BRDA:672,23,1,4
DA:673,4
DA:674,4
DA:676,4
DA:679,4
DA:681,4
DA:683,4
BRDA:683,24,0,-
BRDA:683,24,1,4
DA:684,4
DA:686,0
DA:688,4
DA:696,4
DA:697,4
DA:699,2
DA:701,2
DA:703,2
DA:705,2
DA:707,2
BRDA:707,25,0,-
BRDA:707,25,1,2
DA:708,2
DA:710,0
DA:712,2
DA:720,2
DA:721,2
DA:724,4
DA:725,4
FN:732,CrabNetting.withdrawAuction
FNDA:3,CrabNetting.withdrawAuction
DA:736,3
DA:737,2
DA:747,2
DA:750,2
DA:751,2
DA:752,4
DA:753,4
BRDA:753,26,0,-
BRDA:753,26,1,4
DA:758,4
BRDA:758,27,0,-
BRDA:758,27,1,2
DA:759,2
DA:760,2
DA:766,2
DA:771,2
DA:776,2
DA:779,2
DA:780,2
DA:781,2
DA:782,2
DA:783,4
BRDA:783,28,0,-
BRDA:783,28,1,2
DA:784,2
DA:786,2
DA:788,4
DA:792,4
DA:793,4
DA:802,2
DA:814,2
DA:817,2
DA:818,2
DA:819,2
DA:820,9
DA:821,7
DA:822,7
BRDA:822,29,0,1
BRDA:822,29,1,6
DA:823,1
DA:824,1
DA:826,6
BRDA:826,30,0,-
BRDA:826,30,1,4
DA:828,4
DA:829,4
DA:832,4
DA:835,4
DA:836,4
DA:842,4
DA:843,4
DA:845,2
DA:846,2
DA:849,2
DA:852,2
DA:853,2
DA:860,2
DA:863,2
DA:864,2
FN:872,CrabNetting.setAuctionTwapPeriod
FNDA:0,CrabNetting.setAuctionTwapPeriod
DA:876,0
BRDA:876,31,0,-
BRDA:876,31,1,-
DA:881,0
DA:883,0
FN:890,CrabNetting.setOTCPriceTolerance
FNDA:0,CrabNetting.setOTCPriceTolerance
DA:895,0
BRDA:895,32,0,-
BRDA:895,32,1,-
DA:900,0
DA:902,0
FN:910,CrabNetting._useNonce
FNDA:9,CrabNetting._useNonce
DA:911,9
BRDA:911,33,0,-
BRDA:911,33,1,9
DA:912,9
FN:920,CrabNetting._checkOTCPrice
FNDA:8,CrabNetting._checkOTCPrice
DA:925,8
DA:933,8
BRDA:933,34,0,1
BRDA:933,34,1,2
DA:934,3
BRDA:934,35,0,1
BRDA:934,35,1,2
DA:939,5
BRDA:939,36,0,1
BRDA:939,36,1,4
FN:946,CrabNetting._checkCrabPrice
FNDA:13,CrabNetting._checkCrabPrice
DA:948,13
DA:955,13
DA:962,13
DA:964,13
DA:967,13
DA:968,13
BRDA:968,37,0,1
BRDA:968,37,1,12
DA:972,12
BRDA:972,38,0,1
BRDA:972,38,1,11
FN:978,CrabNetting._calcFeeAdjustment
FNDA:4,CrabNetting._calcFeeAdjustment
DA:979,4
DA:986,4
DA:987,4
FNF:22
FNH:17
LF:255
LH:244
BRF:78
BRH:52
end_of_record
TN:
SF:test/BaseForkSetup.t.sol
FN:40,BaseForkSetup.setUp
FNDA:0,BaseForkSetup.setUp
DA:41,0
DA:42,0
DA:43,0
DA:44,0
DA:45,0
DA:47,0
DA:48,0
DA:49,0
DA:50,0
DA:51,0
DA:52,0
DA:53,0
DA:55,0
DA:66,0
DA:67,0
DA:69,0
DA:70,0
DA:72,0
DA:73,0
DA:74,0
DA:76,0
DA:77,0
DA:78,0
DA:80,0
DA:81,0
DA:82,0
DA:83,0
DA:84,0
DA:85,0
FNF:1
FNH:0
LF:29
LH:0
BRF:0
BRH:0
end_of_record
TN:
SF:test/BaseSetup.t.sol
FN:36,BaseSetup.setUp
FNDA:0,BaseSetup.setUp
DA:37,0
DA:38,0
DA:39,0
DA:40,0
DA:41,0
DA:42,0
DA:43,0
DA:45,0
DA:57,0
DA:58,0
DA:60,0
DA:61,0
DA:62,0
DA:64,0
DA:65,0
DA:66,0
FNF:1
FNH:0
LF:16
LH:0
BRF:0
BRH:0
end_of_record
TN:
SF:test/utils/SigUtils.sol
FN:21,SigUtils.getStructHash
FNDA:10,SigUtils.getStructHash
DA:26,10
FN:42,SigUtils.getTypedDataHash
FNDA:10,SigUtils.getTypedDataHash
DA:47,10
FNF:2
FNH:2
LF:2
LH:2
BRF:0
BRH:0
end_of_record
TN:
SF:test/utils/UniswapQuote.sol
FN:12,UniswapQuote.convertUSDToETH
FNDA:0,UniswapQuote.convertUSDToETH
DA:14,0
FN:24,UniswapQuote.convertWETHToUSDC
FNDA:2,UniswapQuote.convertWETHToUSDC
DA:26,2
FN:36,UniswapQuote.getSqthPrice
FNDA:3,UniswapQuote.getSqthPrice
DA:37,3
FNF:3
FNH:2
LF:3
LH:2
BRF:0
BRH:0
end_of_record
